<?xml version="1.0" encoding="UTF-8"?>
<testng-results skipped="0" failed="0" ignored="0" total="1" passed="1">
  <reporter-output>
  </reporter-output>
  <suite name="Failed suite [Default suite]" duration-ms="9125" started-at="2023-04-20T09:43:56Z" finished-at="2023-04-20T09:44:05Z">
    <groups>
    </groups>
    <test name="Default test(failed)" duration-ms="9125" started-at="2023-04-20T09:43:56Z" finished-at="2023-04-20T09:44:05Z">
      <class name="qaTest.Reportsssss">
        <test-method status="PASS" signature="starttest()[pri:0, instance:qaTest.Reportsssss@4cf777e8]" name="starttest" is-config="true" duration-ms="214" started-at="2023-04-20T15:13:56Z" finished-at="2023-04-20T15:13:56Z">
          <reporter-output>
          </reporter-output>
        </test-method> <!-- starttest -->
        <test-method status="PASS" signature="login()[pri:1, instance:qaTest.Reportsssss@4cf777e8]" name="login" duration-ms="8051" started-at="2023-04-20T15:13:56Z" finished-at="2023-04-20T15:14:04Z">
          <reporter-output>
          </reporter-output>
        </test-method> <!-- login -->
        <test-method status="PASS" signature="endtest()[pri:0, instance:qaTest.Reportsssss@4cf777e8]" name="endtest" is-config="true" duration-ms="850" started-at="2023-04-20T15:14:04Z" finished-at="2023-04-20T15:14:05Z">
          <reporter-output>
          </reporter-output>
        </test-method> <!-- endtest -->
      </class> <!-- qaTest.Reportsssss -->
    </test> <!-- Default test(failed) -->
  </suite> <!-- Failed suite [Default suite] -->
</testng-results>
