<?xml version="1.0" encoding="UTF-8"?>
<testng-results skipped="0" failed="0" ignored="0" total="1" passed="1">
  <reporter-output>
  </reporter-output>
  <suite name="Suite" duration-ms="9543" started-at="2023-03-20T09:45:59Z" finished-at="2023-03-20T09:46:08Z">
    <groups>
    </groups>
    <test name="Test" duration-ms="9543" started-at="2023-03-20T09:45:59Z" finished-at="2023-03-20T09:46:08Z">
      <class name="testscript.RunScript">
        <test-method status="PASS" signature="open()[pri:0, instance:testscript.RunScript@57fffcd7]" name="open" is-config="true" duration-ms="7318" started-at="2023-03-20T15:15:59Z" finished-at="2023-03-20T15:16:06Z">
          <reporter-output>
          </reporter-output>
        </test-method> <!-- open -->
        <test-method status="PASS" signature="launch()[pri:0, instance:testscript.RunScript@57fffcd7]" name="launch" is-config="true" duration-ms="132" started-at="2023-03-20T15:16:06Z" finished-at="2023-03-20T15:16:06Z">
          <reporter-output>
          </reporter-output>
        </test-method> <!-- launch -->
        <test-method status="PASS" signature="screenshot1()[pri:0, instance:testscript.RunScript@57fffcd7]" name="screenshot1" is-config="true" duration-ms="209" started-at="2023-03-20T15:16:06Z" finished-at="2023-03-20T15:16:06Z">
          <reporter-output>
          </reporter-output>
        </test-method> <!-- screenshot1 -->
        <test-method status="PASS" signature="script()[pri:0, instance:testscript.RunScript@57fffcd7]" name="script" duration-ms="1643" started-at="2023-03-20T15:16:06Z" finished-at="2023-03-20T15:16:08Z">
          <reporter-output>
          </reporter-output>
        </test-method> <!-- script -->
        <test-method status="PASS" signature="screenshot()[pri:0, instance:testscript.RunScript@57fffcd7]" name="screenshot" is-config="true" duration-ms="146" started-at="2023-03-20T15:16:08Z" finished-at="2023-03-20T15:16:08Z">
          <reporter-output>
          </reporter-output>
        </test-method> <!-- screenshot -->
        <test-method status="PASS" signature="close()[pri:0, instance:testscript.RunScript@57fffcd7]" name="close" is-config="true" duration-ms="66" started-at="2023-03-20T15:16:08Z" finished-at="2023-03-20T15:16:08Z">
          <reporter-output>
          </reporter-output>
        </test-method> <!-- close -->
      </class> <!-- testscript.RunScript -->
    </test> <!-- Test -->
  </suite> <!-- Suite -->
</testng-results>
