<?xml version="1.0" encoding="UTF-8"?>
<testng-results skipped="0" failed="0" ignored="0" total="1" passed="1">
  <reporter-output>
  </reporter-output>
  <suite name="Default suite" duration-ms="5409" started-at="2022-12-14T06:26:35Z" finished-at="2022-12-14T06:26:40Z">
    <groups>
    </groups>
    <test name="Default test" duration-ms="5409" started-at="2022-12-14T06:26:35Z" finished-at="2022-12-14T06:26:40Z">
      <class name="taskuu.ppty">
        <test-method status="PASS" signature="hyd()[pri:0, instance:taskuu.ppty@192b07fd]" name="hyd" duration-ms="5396" started-at="2022-12-14T11:56:35Z" finished-at="2022-12-14T11:56:40Z">
          <reporter-output>
          </reporter-output>
        </test-method> <!-- hyd -->
      </class> <!-- taskuu.ppty -->
    </test> <!-- Default test -->
  </suite> <!-- Default suite -->
</testng-results>
