# JRE version: Java(TM) SE Runtime Environment (8.0_311-b11) (build 1.8.0_311-b11)
# Java VM: Java HotSpot(TM) 64-Bit Server VM (25.311-b11 mixed mode windows-amd64 compressed oops)
Heap:
 PSYoungGen      total 335872K, used 163049K [0x00000000eab00000, 0x00000000fff80000, 0x0000000100000000)
  eden space 324096K, 50% used [0x00000000eab00000,0x00000000f4a3a6b0,0x00000000fe780000)
  from space 11776K, 0% used [0x00000000ff400000,0x00000000ff400000,0x00000000fff80000)
  to   space 12288K, 0% used [0x00000000fe780000,0x00000000fe780000,0x00000000ff380000)
 ParOldGen       total 53248K, used 13017K [0x00000000c0000000, 0x00000000c3400000, 0x00000000eab00000)
  object space 53248K, 24% used [0x00000000c0000000,0x00000000c0cb67f8,0x00000000c3400000)
 Metaspace       used 35389K, capacity 35698K, committed 35968K, reserved 1081344K
  class space    used 4751K, capacity 4882K, committed 4992K, reserved 1048576K
GC Heap History (10 events):
Event: 26.046 GC heap before
{Heap before GC invocations=6 (full 1):
 PSYoungGen      total 136192K, used 131072K [0x00000000eab00000, 0x00000000f3500000, 0x0000000100000000)
  eden space 131072K, 100% used [0x00000000eab00000,0x00000000f2b00000,0x00000000f2b00000)
  from space 5120K, 0% used [0x00000000f3000000,0x00000000f3000000,0x00000000f3500000)
  to   space 5120K, 0% used [0x00000000f2b00000,0x00000000f2b00000,0x00000000f3000000)
 ParOldGen       total 53248K, used 6176K [0x00000000c0000000, 0x00000000c3400000, 0x00000000eab00000)
  object space 53248K, 11% used [0x00000000c0000000,0x00000000c06083a8,0x00000000c3400000)
 Metaspace       used 32084K, capacity 32356K, committed 32640K, reserved 1077248K
  class space    used 4106K, capacity 4193K, committed 4224K, reserved 1048576K
Event: 26.057 GC heap after
Heap after GC invocations=6 (full 1):
 PSYoungGen      total 136192K, used 5090K [0x00000000eab00000, 0x00000000f9f00000, 0x0000000100000000)
  eden space 131072K, 0% used [0x00000000eab00000,0x00000000eab00000,0x00000000f2b00000)
  from space 5120K, 99% used [0x00000000f2b00000,0x00000000f2ff88e8,0x00000000f3000000)
  to   space 13824K, 0% used [0x00000000f9180000,0x00000000f9180000,0x00000000f9f00000)
 ParOldGen       total 53248K, used 12997K [0x00000000c0000000, 0x00000000c3400000, 0x00000000eab00000)
  object space 53248K, 24% used [0x00000000c0000000,0x00000000c0cb1668,0x00000000c3400000)
 Metaspace       used 32084K, capacity 32356K, committed 32640K, reserved 1077248K
  class space    used 4106K, capacity 4193K, committed 4224K, reserved 1048576K
}
Event: 26.309 GC heap before
{Heap before GC invocations=7 (full 1):
 PSYoungGen      total 136192K, used 136162K [0x00000000eab00000, 0x00000000f9f00000, 0x0000000100000000)
  eden space 131072K, 100% used [0x00000000eab00000,0x00000000f2b00000,0x00000000f2b00000)
  from space 5120K, 99% used [0x00000000f2b00000,0x00000000f2ff88e8,0x00000000f3000000)
  to   space 13824K, 0% used [0x00000000f9180000,0x00000000f9180000,0x00000000f9f00000)
 ParOldGen       total 53248K, used 12997K [0x00000000c0000000, 0x00000000c3400000, 0x00000000eab00000)
  object space 53248K, 24% used [0x00000000c0000000,0x00000000c0cb1668,0x00000000c3400000)
 Metaspace       used 33883K, capacity 34250K, committed 34688K, reserved 1079296K
  class space    used 4477K, capacity 4610K, committed 4736K, reserved 1048576K
Event: 26.314 GC heap after
Heap after GC invocations=7 (full 1):
 PSYoungGen      total 229888K, used 7663K [0x00000000eab00000, 0x00000000f9b00000, 0x0000000100000000)
  eden space 220160K, 0% used [0x00000000eab00000,0x00000000eab00000,0x00000000f8200000)
  from space 9728K, 78% used [0x00000000f9180000,0x00000000f98fbd30,0x00000000f9b00000)
  to   space 12800K, 0% used [0x00000000f8200000,0x00000000f8200000,0x00000000f8e80000)
 ParOldGen       total 53248K, used 13005K [0x00000000c0000000, 0x00000000c3400000, 0x00000000eab00000)
  object space 53248K, 24% used [0x00000000c0000000,0x00000000c0cb3668,0x00000000c3400000)
 Metaspace       used 33883K, capacity 34250K, committed 34688K, reserved 1079296K
  class space    used 4477K, capacity 4610K, committed 4736K, reserved 1048576K
}
Event: 26.665 GC heap before
{Heap before GC invocations=8 (full 1):
 PSYoungGen      total 229888K, used 227823K [0x00000000eab00000, 0x00000000f9b00000, 0x0000000100000000)
  eden space 220160K, 100% used [0x00000000eab00000,0x00000000f8200000,0x00000000f8200000)
  from space 9728K, 78% used [0x00000000f9180000,0x00000000f98fbd30,0x00000000f9b00000)
  to   space 12800K, 0% used [0x00000000f8200000,0x00000000f8200000,0x00000000f8e80000)
 ParOldGen       total 53248K, used 13005K [0x00000000c0000000, 0x00000000c3400000, 0x00000000eab00000)
  object space 53248K, 24% used [0x00000000c0000000,0x00000000c0cb3668,0x00000000c3400000)
 Metaspace       used 34774K, capacity 35100K, committed 35496K, reserved 1079296K
  class space    used 4627K, capacity 4741K, committed 4864K, reserved 1048576K
Event: 26.675 GC heap after
Heap after GC invocations=8 (full 1):
 PSYoungGen      total 232960K, used 6700K [0x00000000eab00000, 0x0000000100000000, 0x0000000100000000)
  eden space 220160K, 0% used [0x00000000eab00000,0x00000000eab00000,0x00000000f8200000)
  from space 12800K, 52% used [0x00000000f8200000,0x00000000f888b190,0x00000000f8e80000)
  to   space 12288K, 0% used [0x00000000ff400000,0x00000000ff400000,0x0000000100000000)
 ParOldGen       total 53248K, used 13013K [0x00000000c0000000, 0x00000000c3400000, 0x00000000eab00000)
  object space 53248K, 24% used [0x00000000c0000000,0x00000000c0cb5668,0x00000000c3400000)
 Metaspace       used 34774K, capacity 35100K, committed 35496K, reserved 1079296K
  class space    used 4627K, capacity 4741K, committed 4864K, reserved 1048576K
}
Event: 26.880 GC heap before
{Heap before GC invocations=9 (full 1):
 PSYoungGen      total 232960K, used 32456K [0x00000000eab00000, 0x0000000100000000, 0x0000000100000000)
  eden space 220160K, 11% used [0x00000000eab00000,0x00000000ec427228,0x00000000f8200000)
  from space 12800K, 52% used [0x00000000f8200000,0x00000000f888b190,0x00000000f8e80000)
  to   space 12288K, 0% used [0x00000000ff400000,0x00000000ff400000,0x0000000100000000)
 ParOldGen       total 53248K, used 13013K [0x00000000c0000000, 0x00000000c3400000, 0x00000000eab00000)
  object space 53248K, 24% used [0x00000000c0000000,0x00000000c0cb5668,0x00000000c3400000)
 Metaspace       used 34988K, capacity 35260K, committed 35496K, reserved 1079296K
  class space    used 4659K, capacity 4773K, committed 4864K, reserved 1048576K
Event: 26.885 GC heap after
Heap after GC invocations=9 (full 1):
 PSYoungGen      total 335872K, used 5666K [0x00000000eab00000, 0x00000000fff80000, 0x0000000100000000)
  eden space 324096K, 0% used [0x00000000eab00000,0x00000000eab00000,0x00000000fe780000)
  from space 11776K, 48% used [0x00000000ff400000,0x00000000ff9888e8,0x00000000fff80000)
  to   space 12288K, 0% used [0x00000000fe780000,0x00000000fe780000,0x00000000ff380000)
 ParOldGen       total 53248K, used 13021K [0x00000000c0000000, 0x00000000c3400000, 0x00000000eab00000)
  object space 53248K, 24% used [0x00000000c0000000,0x00000000c0cb7668,0x00000000c3400000)
 Metaspace       used 34988K, capacity 35260K, committed 35496K, reserved 1079296K
  class space    used 4659K, capacity 4773K, committed 4864K, reserved 1048576K
}
Event: 26.885 GC heap before
{Heap before GC invocations=10 (full 2):
 PSYoungGen      total 335872K, used 5666K [0x00000000eab00000, 0x00000000fff80000, 0x0000000100000000)
  eden space 324096K, 0% used [0x00000000eab00000,0x00000000eab00000,0x00000000fe780000)
  from space 11776K, 48% used [0x00000000ff400000,0x00000000ff9888e8,0x00000000fff80000)
  to   space 12288K, 0% used [0x00000000fe780000,0x00000000fe780000,0x00000000ff380000)
 ParOldGen       total 53248K, used 13021K [0x00000000c0000000, 0x00000000c3400000, 0x00000000eab00000)
  object space 53248K, 24% used [0x00000000c0000000,0x00000000c0cb7668,0x00000000c3400000)
 Metaspace       used 34988K, capacity 35260K, committed 35496K, reserved 1079296K
  class space    used 4659K, capacity 4773K, committed 4864K, reserved 1048576K
Event: 26.913 GC heap after
Heap after GC invocations=10 (full 2):
 PSYoungGen      total 335872K, used 0K [0x00000000eab00000, 0x00000000fff80000, 0x0000000100000000)
  eden space 324096K, 0% used [0x00000000eab00000,0x00000000eab00000,0x00000000fe780000)
  from space 11776K, 0% used [0x00000000ff400000,0x00000000ff400000,0x00000000fff80000)
  to   space 12288K, 0% used [0x00000000fe780000,0x00000000fe780000,0x00000000ff380000)
 ParOldGen       total 53248K, used 13017K [0x00000000c0000000, 0x00000000c3400000, 0x00000000eab00000)
  object space 53248K, 24% used [0x00000000c0000000,0x00000000c0cb67f8,0x00000000c3400000)
 Metaspace       used 34988K, capacity 35260K, committed 35496K, reserved 1079296K
  class space    used 4659K, capacity 4773K, committed 4864K, reserved 1048576K
}

